<?xml version="1.0" encoding="UTF-8"?>
<!-- Generated by org.testng.reporters.JUnitReportReporter -->
<testsuite hostname="5CG9378HNN" failures="0" tests="1" name="com.Obsqura.rmartSupermarket.LoginTest" time="18.384" errors="0" timestamp="2023-07-27T10:22:59 IST" skipped="0">
  <testcase classname="com.Obsqura.rmartSupermarket.LoginTest" name="verifyThatUserUnableToLoginWithValidUserNameAndInvalidPassword" time="18.384"/>
  <system-out/>
</testsuite> <!-- com.Obsqura.rmartSupermarket.LoginTest -->
