<?xml version="1.0" encoding="UTF-8"?>
<!-- Generated by org.testng.reporters.JUnitReportReporter -->
<testsuite hostname="5CG9378HNN" failures="0" tests="1" name="com.Obsqura.rmartSupermarket.testscript.AdminUserTest" time="10.898" errors="0" timestamp="2023-07-29T12:01:47 IST" skipped="0">
  <testcase classname="com.Obsqura.rmartSupermarket.testscript.AdminUserTest" name="verifyUserAbleToAddNewUserInAdminUserPage" time="10.898"/>
  <system-out/>
</testsuite> <!-- com.Obsqura.rmartSupermarket.testscript.AdminUserTest -->
