<?xml version="1.0" encoding="UTF-8"?>
<!-- Generated by org.testng.reporters.JUnitReportReporter -->
<testsuite hostname="5CG9378HNN" failures="0" tests="3" name="com.Obsqura.rmartSupermarket.testscript.ManageCategoryTest" time="78.599" errors="0" timestamp="2023-08-01T08:03:25 IST" skipped="1">
  <testcase classname="com.Obsqura.rmartSupermarket.testscript.ManageCategoryTest" name="verifyWhetherUserAbleToAddNewSubCategory" time="10.148">
    <skipped/>
  </testcase> <!-- verifyWhetherUserAbleToAddNewSubCategory -->
  <system-out/>
  <testcase classname="com.Obsqura.rmartSupermarket.testscript.ManageCategoryTest" name="verifyWhetherUserAbleToAddNewSubCategory" time="47.078"/>
  <system-out/>
  <testcase classname="com.Obsqura.rmartSupermarket.testscript.ManageCategoryTest" name="verifyWhetherselectionOfManageCategorySubMenu" time="21.373"/>
  <system-out/>
</testsuite> <!-- com.Obsqura.rmartSupermarket.testscript.ManageCategoryTest -->
