<?xml version="1.0" encoding="UTF-8"?>
<!-- Generated by org.testng.reporters.JUnitReportReporter -->
<testsuite hostname="5CG9378HNN" failures="0" tests="1" name="com.Obsqura.rmartSupermarket.testscript.LogOutTest" time="9.394" errors="0" timestamp="2023-07-29T12:10:38 IST" skipped="0">
  <testcase classname="com.Obsqura.rmartSupermarket.testscript.LogOutTest" name="toVerifySucessfullyLogOutFromHomePageUsingSettingsMenu" time="9.394"/>
  <system-out/>
</testsuite> <!-- com.Obsqura.rmartSupermarket.testscript.LogOutTest -->
