<?xml version="1.0" encoding="UTF-8"?>
<!-- Generated by org.testng.reporters.JUnitReportReporter -->
<testsuite hostname="5CG9378HNN" failures="0" tests="1" name="com.Obsqura.rmartSupermarket.VerifyUsersTest" time="8.446" errors="0" timestamp="2023-07-24T23:02:06 IST" skipped="0">
  <testcase classname="com.Obsqura.rmartSupermarket.VerifyUsersTest" name="verifywhetherUserAbleToSearchUsersInTheVerifyUserPageUsingSearchButton" time="8.446"/>
  <system-out/>
</testsuite> <!-- com.Obsqura.rmartSupermarket.VerifyUsersTest -->
