<?xml version="1.0" encoding="UTF-8"?>
<!-- Generated by org.testng.reporters.JUnitReportReporter -->
<testsuite hostname="5CG9378HNN" failures="0" tests="1" name="com.Obsqura.rmartSupermarket.testscript.LoginTest" time="13.297" errors="0" timestamp="2023-08-01T08:30:59 IST" skipped="0">
  <testcase classname="com.Obsqura.rmartSupermarket.testscript.LoginTest" name="verifyThatUserAbleToLoginWithValidCredential" time="13.297"/>
  <system-out/>
</testsuite> <!-- com.Obsqura.rmartSupermarket.testscript.LoginTest -->
