<?xml version="1.0" encoding="UTF-8"?>
<!-- Generated by org.testng.reporters.JUnitReportReporter -->
<testsuite hostname="5CG9378HNN" failures="0" tests="1" name="com.Obsqura.rmartSupermarket.ManageSliderTest" time="13.158" errors="0" timestamp="2023-07-26T23:41:22 IST" skipped="0">
  <testcase classname="com.Obsqura.rmartSupermarket.ManageSliderTest" name="verifyWhetherUploadingFilesInManageSliderPage" time="13.158"/>
  <system-out/>
</testsuite> <!-- com.Obsqura.rmartSupermarket.ManageSliderTest -->
