<?xml version="1.0" encoding="UTF-8"?>
<!-- Generated by org.testng.reporters.JUnitReportReporter -->
<testsuite hostname="5CG9378HNN" failures="0" tests="1" name="com.Obsqura.rmartSupermarket.RmartSupermarket" time="6.421" errors="0" timestamp="2023-07-20T15:43:15 IST" skipped="0">
  <testcase classname="com.Obsqura.rmartSupermarket.RmartSupermarket" name="verifyThatUserUnableToLoginWithInvalidUserNameAndInvalidPassword" time="6.421"/>
  <system-out/>
</testsuite> <!-- com.Obsqura.rmartSupermarket.RmartSupermarket -->
