<?xml version="1.0" encoding="UTF-8"?>
<!-- Generated by org.testng.reporters.JUnitReportReporter -->
<testsuite hostname="5CG9378HNN" failures="0" tests="1" name="com.Obsqura.rmartSupermarket.testscript.MobileSliderTest" time="24.389" errors="0" timestamp="2023-07-28T23:12:03 IST" skipped="0">
  <testcase classname="com.Obsqura.rmartSupermarket.testscript.MobileSliderTest" name="verifyCheckingOfDropDownButton" time="24.389"/>
  <system-out/>
</testsuite> <!-- com.Obsqura.rmartSupermarket.testscript.MobileSliderTest -->
