<?xml version="1.0" encoding="UTF-8"?>
<!-- Generated by org.testng.reporters.JUnitReportReporter -->
<testsuite hostname="5CG9378HNN" failures="0" tests="1" name="com.Obsqura.rmartSupermarket.testscript.ManageLocationTest" time="13.919" errors="0" timestamp="2023-07-30T16:56:17 IST" skipped="0">
  <testcase classname="com.Obsqura.rmartSupermarket.testscript.ManageLocationTest" name="verifyWhetherNewLocationCanBeAddedInListLocation" time="13.919"/>
  <system-out/>
</testsuite> <!-- com.Obsqura.rmartSupermarket.testscript.ManageLocationTest -->
