<?xml version="1.0" encoding="UTF-8"?>
<!-- Generated by org.testng.reporters.JUnitReportReporter -->
<testsuite hostname="5CG9378HNN" failures="0" tests="1" name="com.Obsqura.rmartSupermarket.testscript.VerifyUsersTest" time="12.344" errors="0" timestamp="2023-07-30T22:06:58 IST" skipped="0">
  <testcase classname="com.Obsqura.rmartSupermarket.testscript.VerifyUsersTest" name="verifySearchButtonFynctionality" time="12.344"/>
  <system-out/>
</testsuite> <!-- com.Obsqura.rmartSupermarket.testscript.VerifyUsersTest -->
